<?xml version="1.0" encoding="UTF-8"?>
<!-- Generated by org.testng.reporters.JUnitReportReporter -->
<testsuite hostname="DESKTOP-P2M7SMI" name="cn.lixing.zqProject.login.TestCase.LoginTestCase" tests="1" failures="0" timestamp="16 Jul 2018 14:01:41 GMT" time="3.728" errors="0">
  <testcase name="LoginTestCase_01" time="3.728" classname="cn.lixing.zqProject.login.TestCase.LoginTestCase"/>
</testsuite> <!-- cn.lixing.zqProject.login.TestCase.LoginTestCase -->
