<?xml version="1.0" encoding="UTF-8"?>
<!-- Generated by org.testng.reporters.JUnitReportReporter -->
<testsuite hostname="DESKTOP-P2M7SMI" name="cn.lixing.zqProject.keyPersonManage.TestCase.KeyPersonManageTestCase" tests="1" failures="0" timestamp="19 Jul 2018 14:03:39 GMT" time="8.847" errors="0">
  <testcase name="AddKeyPersonTestCase" time="8.847" classname="cn.lixing.zqProject.keyPersonManage.TestCase.KeyPersonManageTestCase"/>
</testsuite> <!-- cn.lixing.zqProject.keyPersonManage.TestCase.KeyPersonManageTestCase -->
