<?xml version="1.0" encoding="UTF-8"?>
<!-- Generated by org.testng.reporters.JUnitReportReporter -->
<testsuite hostname="DESKTOP-P2M7SMI" name="cn.lixing.zqProject.facility.TestCase.CourseTestCase" tests="1" failures="0" timestamp="25 Jul 2018 13:36:22 GMT" time="7.974" errors="0">
  <testcase name="addCourseTestCase" time="7.974" classname="cn.lixing.zqProject.facility.TestCase.CourseTestCase"/>
</testsuite> <!-- cn.lixing.zqProject.facility.TestCase.CourseTestCase -->
