<?xml version="1.0" encoding="UTF-8"?>
<!-- Generated by org.testng.reporters.JUnitReportReporter -->
<testsuite hostname="DESKTOP-P2M7SMI" name="cn.lixing.zqProject.facility.TestCase.CourseTestCase" tests="1" failures="0" timestamp="22 Jul 2018 05:29:26 GMT" time="8.014" errors="0">
  <testcase name="addCourseTestCase" time="8.014" classname="cn.lixing.zqProject.facility.TestCase.CourseTestCase"/>
</testsuite> <!-- cn.lixing.zqProject.facility.TestCase.CourseTestCase -->
