<?xml version="1.0" encoding="UTF-8"?>
<!-- Generated by org.testng.reporters.JUnitReportReporter -->
<testsuite hostname="DESKTOP-P2M7SMI" name="cn.lixing.zqProject.CustManage.TestCase.CustManageTestCase" tests="1" failures="0" timestamp="12 Aug 2018 14:00:11 GMT" time="5.879" errors="0">
  <testcase name="AddCustTestCase" time="5.879" classname="cn.lixing.zqProject.CustManage.TestCase.CustManageTestCase"/>
</testsuite> <!-- cn.lixing.zqProject.CustManage.TestCase.CustManageTestCase -->
