<?xml version="1.0" encoding="UTF-8"?>
<!-- Generated by org.testng.reporters.JUnitReportReporter -->
<testsuite hostname="admin-PC" name="cn.lixing.zqProject.keyPersonManage.TestCase.KeyPersonManageTestCase" tests="1" failures="0" timestamp="9 Jul 2018 06:40:09 GMT" time="9.137" errors="0">
  <testcase name="AddKeyPersonTestCase" time="9.137" classname="cn.lixing.zqProject.keyPersonManage.TestCase.KeyPersonManageTestCase"/>
</testsuite> <!-- cn.lixing.zqProject.keyPersonManage.TestCase.KeyPersonManageTestCase -->
