<?xml version="1.0" encoding="UTF-8"?>
<!-- Generated by org.testng.reporters.JUnitReportReporter -->
<testsuite hostname="DESKTOP-P2M7SMI" name="cn.lixing.zqProject.pushManage.TestCase.PushTestCase" tests="1" failures="0" timestamp="11 Jul 2018 15:06:50 GMT" time="25.272" errors="0">
  <testcase name="addPushTestCase" time="25.272" classname="cn.lixing.zqProject.pushManage.TestCase.PushTestCase"/>
</testsuite> <!-- cn.lixing.zqProject.pushManage.TestCase.PushTestCase -->
