<?xml version="1.0" encoding="UTF-8"?>
<!-- Generated by org.testng.reporters.JUnitReportReporter -->
<testsuite hostname="DESKTOP-P2M7SMI" name="cn.lixing.zqProject.keyPersonManage.TestCase.KeyPersonManageTestCase" tests="1" failures="0" timestamp="25 Jul 2018 13:33:53 GMT" time="8.702" errors="0">
  <testcase name="AddKeyPersonTestCase" time="8.702" classname="cn.lixing.zqProject.keyPersonManage.TestCase.KeyPersonManageTestCase"/>
</testsuite> <!-- cn.lixing.zqProject.keyPersonManage.TestCase.KeyPersonManageTestCase -->
