<?xml version="1.0" encoding="UTF-8"?>
<!-- Generated by org.testng.reporters.JUnitReportReporter -->
<testsuite hostname="DESKTOP-P2M7SMI" name="cn.lixing.zqProject.pushManage.TestCase.PushTestCase" tests="3" failures="0" timestamp="22 Jul 2018 05:41:43 GMT" time="51.737" errors="0">
  <testcase name="addPushTestCase" time="25.866" classname="cn.lixing.zqProject.pushManage.TestCase.PushTestCase"/>
  <testcase name="submitAllPushTestCase" time="7.945" classname="cn.lixing.zqProject.pushManage.TestCase.PushTestCase"/>
  <testcase name="submitPushTestCase" time="17.926" classname="cn.lixing.zqProject.pushManage.TestCase.PushTestCase"/>
</testsuite> <!-- cn.lixing.zqProject.pushManage.TestCase.PushTestCase -->
