<?xml version="1.0" encoding="UTF-8"?>
<!-- Generated by org.testng.reporters.JUnitReportReporter -->
<testsuite hostname="admin-PC" name="cn.lixing.zqProject.login.TestCase.LoginTestCase" tests="1" failures="0" timestamp="9 Jul 2018 00:20:33 GMT" time="3.332" errors="0">
  <testcase name="LoginTestCase_01" time="3.332" classname="cn.lixing.zqProject.login.TestCase.LoginTestCase"/>
</testsuite> <!-- cn.lixing.zqProject.login.TestCase.LoginTestCase -->
